# JRE version: Java(TM) SE Runtime Environment (8.0_202-b08) (build 1.8.0_202-b08)
# Java VM: Java HotSpot(TM) 64-Bit Server VM (25.202-b08 mixed mode windows-amd64 compressed oops)
Heap:
 PSYoungGen      total 270336K, used 68795K [0x00000000d6600000, 0x00000000edc00000, 0x0000000100000000)
  eden space 220160K, 9% used [0x00000000d6600000,0x00000000d7ad2f70,0x00000000e3d00000)
  from space 50176K, 94% used [0x00000000e3d00000,0x00000000e6b5be40,0x00000000e6e00000)
  to   space 58368K, 0% used [0x00000000ea300000,0x00000000ea300000,0x00000000edc00000)
 ParOldGen       total 560128K, used 364717K [0x0000000083200000, 0x00000000a5500000, 0x00000000d6600000)
  object space 560128K, 65% used [0x0000000083200000,0x000000009962b7a8,0x00000000a5500000)
 Metaspace       used 24576K, capacity 26514K, committed 26752K, reserved 1073152K
  class space    used 3534K, capacity 3864K, committed 3968K, reserved 1048576K
GC Heap History (10 events):
Event: 138.879 GC heap before
{Heap before GC invocations=9 (full 2):
 PSYoungGen      total 153088K, used 33750K [0x00000000d6600000, 0x00000000e9700000, 0x0000000100000000)
  eden space 119296K, 0% used [0x00000000d6600000,0x00000000d6600000,0x00000000dda80000)
  from space 33792K, 99% used [0x00000000dda80000,0x00000000dfb75910,0x00000000dfb80000)
  to   space 41984K, 0% used [0x00000000e6e00000,0x00000000e6e00000,0x00000000e9700000)
 ParOldGen       total 140800K, used 137811K [0x0000000083200000, 0x000000008bb80000, 0x00000000d6600000)
  object space 140800K, 97% used [0x0000000083200000,0x000000008b894f98,0x000000008bb80000)
 Metaspace       used 23849K, capacity 25540K, committed 25728K, reserved 1071104K
  class space    used 3392K, capacity 3703K, committed 3712K, reserved 1048576K
Event: 138.942 GC heap after
Heap after GC invocations=9 (full 2):
 PSYoungGen      total 153088K, used 0K [0x00000000d6600000, 0x00000000e9700000, 0x0000000100000000)
  eden space 119296K, 0% used [0x00000000d6600000,0x00000000d6600000,0x00000000dda80000)
  from space 33792K, 0% used [0x00000000dda80000,0x00000000dda80000,0x00000000dfb80000)
  to   space 41984K, 0% used [0x00000000e6e00000,0x00000000e6e00000,0x00000000e9700000)
 ParOldGen       total 206848K, used 114203K [0x0000000083200000, 0x000000008fc00000, 0x00000000d6600000)
  object space 206848K, 55% used [0x0000000083200000,0x000000008a186db0,0x000000008fc00000)
 Metaspace       used 23849K, capacity 25540K, committed 25728K, reserved 1071104K
  class space    used 3392K, capacity 3703K, committed 3712K, reserved 1048576K
}
Event: 139.037 GC heap before
{Heap before GC invocations=10 (full 2):
 PSYoungGen      total 153088K, used 118822K [0x00000000d6600000, 0x00000000e9700000, 0x0000000100000000)
  eden space 119296K, 99% used [0x00000000d6600000,0x00000000dda09a98,0x00000000dda80000)
  from space 33792K, 0% used [0x00000000dda80000,0x00000000dda80000,0x00000000dfb80000)
  to   space 41984K, 0% used [0x00000000e6e00000,0x00000000e6e00000,0x00000000e9700000)
 ParOldGen       total 206848K, used 114203K [0x0000000083200000, 0x000000008fc00000, 0x00000000d6600000)
  object space 206848K, 55% used [0x0000000083200000,0x000000008a186db0,0x000000008fc00000)
 Metaspace       used 23849K, capacity 25540K, committed 25728K, reserved 1071104K
  class space    used 3392K, capacity 3703K, committed 3712K, reserved 1048576K
Event: 139.088 GC heap after
Heap after GC invocations=10 (full 2):
 PSYoungGen      total 262144K, used 41222K [0x00000000d6600000, 0x00000000eb000000, 0x0000000100000000)
  eden space 220160K, 0% used [0x00000000d6600000,0x00000000d6600000,0x00000000e3d00000)
  from space 41984K, 98% used [0x00000000e6e00000,0x00000000e96419a8,0x00000000e9700000)
  to   space 50176K, 0% used [0x00000000e3d00000,0x00000000e3d00000,0x00000000e6e00000)
 ParOldGen       total 206848K, used 178613K [0x0000000083200000, 0x000000008fc00000, 0x00000000d6600000)
  object space 206848K, 86% used [0x0000000083200000,0x000000008e06d6e0,0x000000008fc00000)
 Metaspace       used 23849K, capacity 25540K, committed 25728K, reserved 1071104K
  class space    used 3392K, capacity 3703K, committed 3712K, reserved 1048576K
}
Event: 139.088 GC heap before
{Heap before GC invocations=11 (full 3):
 PSYoungGen      total 262144K, used 41222K [0x00000000d6600000, 0x00000000eb000000, 0x0000000100000000)
  eden space 220160K, 0% used [0x00000000d6600000,0x00000000d6600000,0x00000000e3d00000)
  from space 41984K, 98% used [0x00000000e6e00000,0x00000000e96419a8,0x00000000e9700000)
  to   space 50176K, 0% used [0x00000000e3d00000,0x00000000e3d00000,0x00000000e6e00000)
 ParOldGen       total 206848K, used 178613K [0x0000000083200000, 0x000000008fc00000, 0x00000000d6600000)
  object space 206848K, 86% used [0x0000000083200000,0x000000008e06d6e0,0x000000008fc00000)
 Metaspace       used 23849K, capacity 25540K, committed 25728K, reserved 1071104K
  class space    used 3392K, capacity 3703K, committed 3712K, reserved 1048576K
Event: 139.305 GC heap after
Heap after GC invocations=11 (full 3):
 PSYoungGen      total 262144K, used 13560K [0x00000000d6600000, 0x00000000eb000000, 0x0000000100000000)
  eden space 220160K, 0% used [0x00000000d6600000,0x00000000d6600000,0x00000000e3d00000)
  from space 41984K, 32% used [0x00000000e6e00000,0x00000000e7b3e040,0x00000000e9700000)
  to   space 50176K, 0% used [0x00000000e3d00000,0x00000000e3d00000,0x00000000e6e00000)
 ParOldGen       total 330752K, used 205801K [0x0000000083200000, 0x0000000097500000, 0x00000000d6600000)
  object space 330752K, 62% used [0x0000000083200000,0x000000008fafa6f0,0x0000000097500000)
 Metaspace       used 23849K, capacity 25540K, committed 25728K, reserved 1071104K
  class space    used 3392K, capacity 3703K, committed 3712K, reserved 1048576K
}
Event: 139.575 GC heap before
{Heap before GC invocations=12 (full 3):
 PSYoungGen      total 262144K, used 232587K [0x00000000d6600000, 0x00000000eb000000, 0x0000000100000000)
  eden space 220160K, 99% used [0x00000000d6600000,0x00000000e3be4c20,0x00000000e3d00000)
  from space 41984K, 32% used [0x00000000e6e00000,0x00000000e7b3e040,0x00000000e9700000)
  to   space 50176K, 0% used [0x00000000e3d00000,0x00000000e3d00000,0x00000000e6e00000)
 ParOldGen       total 330752K, used 205801K [0x0000000083200000, 0x0000000097500000, 0x00000000d6600000)
  object space 330752K, 62% used [0x0000000083200000,0x000000008fafa6f0,0x0000000097500000)
 Metaspace       used 23857K, capacity 25604K, committed 25728K, reserved 1071104K
  class space    used 3392K, capacity 3703K, committed 3712K, reserved 1048576K
Event: 139.707 GC heap after
Heap after GC invocations=12 (full 3):
 PSYoungGen      total 270336K, used 47588K [0x00000000d6600000, 0x00000000edc00000, 0x0000000100000000)
  eden space 220160K, 0% used [0x00000000d6600000,0x00000000d6600000,0x00000000e3d00000)
  from space 50176K, 94% used [0x00000000e3d00000,0x00000000e6b790e0,0x00000000e6e00000)
  to   space 58368K, 0% used [0x00000000ea300000,0x00000000ea300000,0x00000000edc00000)
 ParOldGen       total 366592K, used 365132K [0x0000000083200000, 0x0000000099800000, 0x00000000d6600000)
  object space 366592K, 99% used [0x0000000083200000,0x00000000996931e0,0x0000000099800000)
 Metaspace       used 23857K, capacity 25604K, committed 25728K, reserved 1071104K
  class space    used 3392K, capacity 3703K, committed 3712K, reserved 1048576K
}
Event: 139.707 GC heap before
{Heap before GC invocations=13 (full 4):
 PSYoungGen      total 270336K, used 47588K [0x00000000d6600000, 0x00000000edc00000, 0x0000000100000000)
  eden space 220160K, 0% used [0x00000000d6600000,0x00000000d6600000,0x00000000e3d00000)
  from space 50176K, 94% used [0x00000000e3d00000,0x00000000e6b790e0,0x00000000e6e00000)
  to   space 58368K, 0% used [0x00000000ea300000,0x00000000ea300000,0x00000000edc00000)
 ParOldGen       total 366592K, used 365132K [0x0000000083200000, 0x0000000099800000, 0x00000000d6600000)
  object space 366592K, 99% used [0x0000000083200000,0x00000000996931e0,0x0000000099800000)
 Metaspace       used 23857K, capacity 25604K, committed 25728K, reserved 1071104K
  class space    used 3392K, capacity 3703K, committed 3712K, reserved 1048576K
Event: 139.800 GC heap after
Heap after GC invocations=13 (full 4):
 PSYoungGen      total 270336K, used 47471K [0x00000000d6600000, 0x00000000edc00000, 0x0000000100000000)
  eden space 220160K, 0% used [0x00000000d6600000,0x00000000d6600000,0x00000000e3d00000)
  from space 50176K, 94% used [0x00000000e3d00000,0x00000000e6b5be40,0x00000000e6e00000)
  to   space 58368K, 0% used [0x00000000ea300000,0x00000000ea300000,0x00000000edc00000)
 ParOldGen       total 560128K, used 364717K [0x0000000083200000, 0x00000000a5500000, 0x00000000d6600000)
  object space 560128K, 65% used [0x0000000083200000,0x000000009962b7a8,0x00000000a5500000)
 Metaspace       used 23857K, capacity 25604K, committed 25728K, reserved 1071104K
  class space    used 3392K, capacity 3703K, committed 3712K, reserved 1048576K
}

