# JRE version: Java(TM) SE Runtime Environment (8.0_202-b08) (build 1.8.0_202-b08)
# Java VM: Java HotSpot(TM) 64-Bit Server VM (25.202-b08 mixed mode windows-amd64 compressed oops)
Heap:
 PSYoungGen      total 70656K, used 6008K [0x00000000d6600000, 0x00000000db000000, 0x0000000100000000)
  eden space 65536K, 9% used [0x00000000d6600000,0x00000000d6bde270,0x00000000da600000)
  from space 5120K, 0% used [0x00000000dab00000,0x00000000dab00000,0x00000000db000000)
  to   space 5120K, 0% used [0x00000000da600000,0x00000000da600000,0x00000000dab00000)
 ParOldGen       total 86016K, used 49476K [0x0000000083200000, 0x0000000088600000, 0x00000000d6600000)
  object space 86016K, 57% used [0x0000000083200000,0x0000000086251270,0x0000000088600000)
 Metaspace       used 20733K, capacity 22094K, committed 22400K, reserved 1069056K
  class space    used 3085K, capacity 3337K, committed 3456K, reserved 1048576K
GC Heap History (10 events):
Event: 1.592 GC heap before
{Heap before GC invocations=1 (full 0):
 PSYoungGen      total 37888K, used 32768K [0x00000000d6600000, 0x00000000d9000000, 0x0000000100000000)
  eden space 32768K, 100% used [0x00000000d6600000,0x00000000d8600000,0x00000000d8600000)
  from space 5120K, 0% used [0x00000000d8b00000,0x00000000d8b00000,0x00000000d9000000)
  to   space 5120K, 0% used [0x00000000d8600000,0x00000000d8600000,0x00000000d8b00000)
 ParOldGen       total 86016K, used 0K [0x0000000083200000, 0x0000000088600000, 0x00000000d6600000)
  object space 86016K, 0% used [0x0000000083200000,0x0000000083200000,0x0000000088600000)
 Metaspace       used 15386K, capacity 16226K, committed 16384K, reserved 1062912K
  class space    used 2293K, capacity 2465K, committed 2560K, reserved 1048576K
Event: 1.601 GC heap after
Heap after GC invocations=1 (full 0):
 PSYoungGen      total 37888K, used 4722K [0x00000000d6600000, 0x00000000d9000000, 0x0000000100000000)
  eden space 32768K, 0% used [0x00000000d6600000,0x00000000d6600000,0x00000000d8600000)
  from space 5120K, 92% used [0x00000000d8600000,0x00000000d8a9cb50,0x00000000d8b00000)
  to   space 5120K, 0% used [0x00000000d8b00000,0x00000000d8b00000,0x00000000d9000000)
 ParOldGen       total 86016K, used 80K [0x0000000083200000, 0x0000000088600000, 0x00000000d6600000)
  object space 86016K, 0% used [0x0000000083200000,0x0000000083214010,0x0000000088600000)
 Metaspace       used 15386K, capacity 16226K, committed 16384K, reserved 1062912K
  class space    used 2293K, capacity 2465K, committed 2560K, reserved 1048576K
}
Event: 6.685 GC heap before
{Heap before GC invocations=2 (full 0):
 PSYoungGen      total 37888K, used 35866K [0x00000000d6600000, 0x00000000d9000000, 0x0000000100000000)
  eden space 32768K, 95% used [0x00000000d6600000,0x00000000d846a000,0x00000000d8600000)
  from space 5120K, 92% used [0x00000000d8600000,0x00000000d8a9cb50,0x00000000d8b00000)
  to   space 5120K, 0% used [0x00000000d8b00000,0x00000000d8b00000,0x00000000d9000000)
 ParOldGen       total 86016K, used 80K [0x0000000083200000, 0x0000000088600000, 0x00000000d6600000)
  object space 86016K, 0% used [0x0000000083200000,0x0000000083214010,0x0000000088600000)
 Metaspace       used 18158K, capacity 19194K, committed 19328K, reserved 1064960K
  class space    used 2663K, capacity 2875K, committed 2944K, reserved 1048576K
Event: 6.700 GC heap after
Heap after GC invocations=2 (full 0):
 PSYoungGen      total 37888K, used 5099K [0x00000000d6600000, 0x00000000d9000000, 0x0000000100000000)
  eden space 32768K, 0% used [0x00000000d6600000,0x00000000d6600000,0x00000000d8600000)
  from space 5120K, 99% used [0x00000000d8b00000,0x00000000d8ffacf8,0x00000000d9000000)
  to   space 5120K, 0% used [0x00000000d8600000,0x00000000d8600000,0x00000000d8b00000)
 ParOldGen       total 86016K, used 21223K [0x0000000083200000, 0x0000000088600000, 0x00000000d6600000)
  object space 86016K, 24% used [0x0000000083200000,0x00000000846b9f78,0x0000000088600000)
 Metaspace       used 18158K, capacity 19194K, committed 19328K, reserved 1064960K
  class space    used 2663K, capacity 2875K, committed 2944K, reserved 1048576K
}
Event: 6.955 GC heap before
{Heap before GC invocations=3 (full 0):
 PSYoungGen      total 37888K, used 35433K [0x00000000d6600000, 0x00000000d9000000, 0x0000000100000000)
  eden space 32768K, 92% used [0x00000000d6600000,0x00000000d839fa58,0x00000000d8600000)
  from space 5120K, 99% used [0x00000000d8b00000,0x00000000d8ffacf8,0x00000000d9000000)
  to   space 5120K, 0% used [0x00000000d8600000,0x00000000d8600000,0x00000000d8b00000)
 ParOldGen       total 86016K, used 21223K [0x0000000083200000, 0x0000000088600000, 0x00000000d6600000)
  object space 86016K, 24% used [0x0000000083200000,0x00000000846b9f78,0x0000000088600000)
 Metaspace       used 19170K, capacity 20280K, committed 20608K, reserved 1067008K
  class space    used 2876K, capacity 3116K, committed 3200K, reserved 1048576K
Event: 6.973 GC heap after
Heap after GC invocations=3 (full 0):
 PSYoungGen      total 37888K, used 5112K [0x00000000d6600000, 0x00000000db000000, 0x0000000100000000)
  eden space 32768K, 0% used [0x00000000d6600000,0x00000000d6600000,0x00000000d8600000)
  from space 5120K, 99% used [0x00000000d8600000,0x00000000d8afe2a8,0x00000000d8b00000)
  to   space 5120K, 0% used [0x00000000dab00000,0x00000000dab00000,0x00000000db000000)
 ParOldGen       total 86016K, used 41558K [0x0000000083200000, 0x0000000088600000, 0x00000000d6600000)
  object space 86016K, 48% used [0x0000000083200000,0x0000000085a95a58,0x0000000088600000)
 Metaspace       used 19170K, capacity 20280K, committed 20608K, reserved 1067008K
  class space    used 2876K, capacity 3116K, committed 3200K, reserved 1048576K
}
Event: 7.191 GC heap before
{Heap before GC invocations=4 (full 0):
 PSYoungGen      total 37888K, used 15580K [0x00000000d6600000, 0x00000000db000000, 0x0000000100000000)
  eden space 32768K, 31% used [0x00000000d6600000,0x00000000d7039068,0x00000000d8600000)
  from space 5120K, 99% used [0x00000000d8600000,0x00000000d8afe2a8,0x00000000d8b00000)
  to   space 5120K, 0% used [0x00000000dab00000,0x00000000dab00000,0x00000000db000000)
 ParOldGen       total 86016K, used 41558K [0x0000000083200000, 0x0000000088600000, 0x00000000d6600000)
  object space 86016K, 48% used [0x0000000083200000,0x0000000085a95a58,0x0000000088600000)
 Metaspace       used 19937K, capacity 21182K, committed 21296K, reserved 1067008K
  class space    used 3016K, capacity 3261K, committed 3328K, reserved 1048576K
Event: 7.207 GC heap after
Heap after GC invocations=4 (full 0):
 PSYoungGen      total 70656K, used 5112K [0x00000000d6600000, 0x00000000db000000, 0x0000000100000000)
  eden space 65536K, 0% used [0x00000000d6600000,0x00000000d6600000,0x00000000da600000)
  from space 5120K, 99% used [0x00000000dab00000,0x00000000daffe1c8,0x00000000db000000)
  to   space 5120K, 0% used [0x00000000da600000,0x00000000da600000,0x00000000dab00000)
 ParOldGen       total 86016K, used 47318K [0x0000000083200000, 0x0000000088600000, 0x00000000d6600000)
  object space 86016K, 55% used [0x0000000083200000,0x0000000086035b38,0x0000000088600000)
 Metaspace       used 19937K, capacity 21182K, committed 21296K, reserved 1067008K
  class space    used 3016K, capacity 3261K, committed 3328K, reserved 1048576K
}
Event: 7.207 GC heap before
{Heap before GC invocations=5 (full 1):
 PSYoungGen      total 70656K, used 5112K [0x00000000d6600000, 0x00000000db000000, 0x0000000100000000)
  eden space 65536K, 0% used [0x00000000d6600000,0x00000000d6600000,0x00000000da600000)
  from space 5120K, 99% used [0x00000000dab00000,0x00000000daffe1c8,0x00000000db000000)
  to   space 5120K, 0% used [0x00000000da600000,0x00000000da600000,0x00000000dab00000)
 ParOldGen       total 86016K, used 47318K [0x0000000083200000, 0x0000000088600000, 0x00000000d6600000)
  object space 86016K, 55% used [0x0000000083200000,0x0000000086035b38,0x0000000088600000)
 Metaspace       used 19937K, capacity 21182K, committed 21296K, reserved 1067008K
  class space    used 3016K, capacity 3261K, committed 3328K, reserved 1048576K
Event: 7.260 GC heap after
Heap after GC invocations=5 (full 1):
 PSYoungGen      total 70656K, used 0K [0x00000000d6600000, 0x00000000db000000, 0x0000000100000000)
  eden space 65536K, 0% used [0x00000000d6600000,0x00000000d6600000,0x00000000da600000)
  from space 5120K, 0% used [0x00000000dab00000,0x00000000dab00000,0x00000000db000000)
  to   space 5120K, 0% used [0x00000000da600000,0x00000000da600000,0x00000000dab00000)
 ParOldGen       total 86016K, used 49476K [0x0000000083200000, 0x0000000088600000, 0x00000000d6600000)
  object space 86016K, 57% used [0x0000000083200000,0x0000000086251270,0x0000000088600000)
 Metaspace       used 19937K, capacity 21182K, committed 21296K, reserved 1067008K
  class space    used 3016K, capacity 3261K, committed 3328K, reserved 1048576K
}

