# JRE version: Java(TM) SE Runtime Environment (8.0_202-b08) (build 1.8.0_202-b08)
# Java VM: Java HotSpot(TM) 64-Bit Server VM (25.202-b08 mixed mode windows-amd64 compressed oops)
Heap:
 PSYoungGen      total 70656K, used 6131K [0x00000000d6600000, 0x00000000db000000, 0x0000000100000000)
  eden space 65536K, 9% used [0x00000000d6600000,0x00000000d6bfcf28,0x00000000da600000)
  from space 5120K, 0% used [0x00000000dab00000,0x00000000dab00000,0x00000000db000000)
  to   space 5120K, 0% used [0x00000000da600000,0x00000000da600000,0x00000000dab00000)
 ParOldGen       total 116736K, used 49345K [0x0000000083200000, 0x000000008a400000, 0x00000000d6600000)
  object space 116736K, 42% used [0x0000000083200000,0x00000000862305f8,0x000000008a400000)
 Metaspace       used 20822K, capacity 22140K, committed 22272K, reserved 1069056K
  class space    used 3083K, capacity 3328K, committed 3328K, reserved 1048576K
GC Heap History (10 events):
Event: 1.443 GC heap before
{Heap before GC invocations=1 (full 0):
 PSYoungGen      total 37888K, used 32768K [0x00000000d6600000, 0x00000000d9000000, 0x0000000100000000)
  eden space 32768K, 100% used [0x00000000d6600000,0x00000000d8600000,0x00000000d8600000)
  from space 5120K, 0% used [0x00000000d8b00000,0x00000000d8b00000,0x00000000d9000000)
  to   space 5120K, 0% used [0x00000000d8600000,0x00000000d8600000,0x00000000d8b00000)
 ParOldGen       total 86016K, used 0K [0x0000000083200000, 0x0000000088600000, 0x00000000d6600000)
  object space 86016K, 0% used [0x0000000083200000,0x0000000083200000,0x0000000088600000)
 Metaspace       used 15429K, capacity 16258K, committed 16384K, reserved 1062912K
  class space    used 2295K, capacity 2497K, committed 2560K, reserved 1048576K
Event: 1.457 GC heap after
Heap after GC invocations=1 (full 0):
 PSYoungGen      total 37888K, used 4770K [0x00000000d6600000, 0x00000000d9000000, 0x0000000100000000)
  eden space 32768K, 0% used [0x00000000d6600000,0x00000000d6600000,0x00000000d8600000)
  from space 5120K, 93% used [0x00000000d8600000,0x00000000d8aa8b40,0x00000000d8b00000)
  to   space 5120K, 0% used [0x00000000d8b00000,0x00000000d8b00000,0x00000000d9000000)
 ParOldGen       total 86016K, used 80K [0x0000000083200000, 0x0000000088600000, 0x00000000d6600000)
  object space 86016K, 0% used [0x0000000083200000,0x0000000083214010,0x0000000088600000)
 Metaspace       used 15429K, capacity 16258K, committed 16384K, reserved 1062912K
  class space    used 2295K, capacity 2497K, committed 2560K, reserved 1048576K
}
Event: 6.349 GC heap before
{Heap before GC invocations=2 (full 0):
 PSYoungGen      total 37888K, used 35885K [0x00000000d6600000, 0x00000000d9000000, 0x0000000100000000)
  eden space 32768K, 94% used [0x00000000d6600000,0x00000000d84628d8,0x00000000d8600000)
  from space 5120K, 93% used [0x00000000d8600000,0x00000000d8aa8b40,0x00000000d8b00000)
  to   space 5120K, 0% used [0x00000000d8b00000,0x00000000d8b00000,0x00000000d9000000)
 ParOldGen       total 86016K, used 80K [0x0000000083200000, 0x0000000088600000, 0x00000000d6600000)
  object space 86016K, 0% used [0x0000000083200000,0x0000000083214010,0x0000000088600000)
 Metaspace       used 18235K, capacity 19234K, committed 19328K, reserved 1064960K
  class space    used 2661K, capacity 2865K, committed 2944K, reserved 1048576K
Event: 6.362 GC heap after
Heap after GC invocations=2 (full 0):
 PSYoungGen      total 37888K, used 5099K [0x00000000d6600000, 0x00000000d9000000, 0x0000000100000000)
  eden space 32768K, 0% used [0x00000000d6600000,0x00000000d6600000,0x00000000d8600000)
  from space 5120K, 99% used [0x00000000d8b00000,0x00000000d8ffacf8,0x00000000d9000000)
  to   space 5120K, 0% used [0x00000000d8600000,0x00000000d8600000,0x00000000d8b00000)
 ParOldGen       total 86016K, used 21217K [0x0000000083200000, 0x0000000088600000, 0x00000000d6600000)
  object space 86016K, 24% used [0x0000000083200000,0x00000000846b8460,0x0000000088600000)
 Metaspace       used 18235K, capacity 19234K, committed 19328K, reserved 1064960K
  class space    used 2661K, capacity 2865K, committed 2944K, reserved 1048576K
}
Event: 6.573 GC heap before
{Heap before GC invocations=3 (full 0):
 PSYoungGen      total 37888K, used 36089K [0x00000000d6600000, 0x00000000d9000000, 0x0000000100000000)
  eden space 32768K, 94% used [0x00000000d6600000,0x00000000d84437d8,0x00000000d8600000)
  from space 5120K, 99% used [0x00000000d8b00000,0x00000000d8ffacf8,0x00000000d9000000)
  to   space 5120K, 0% used [0x00000000d8600000,0x00000000d8600000,0x00000000d8b00000)
 ParOldGen       total 86016K, used 21217K [0x0000000083200000, 0x0000000088600000, 0x00000000d6600000)
  object space 86016K, 24% used [0x0000000083200000,0x00000000846b8460,0x0000000088600000)
 Metaspace       used 19248K, capacity 20384K, committed 20608K, reserved 1067008K
  class space    used 2873K, capacity 3106K, committed 3200K, reserved 1048576K
Event: 6.584 GC heap after
Heap after GC invocations=3 (full 0):
 PSYoungGen      total 37888K, used 4884K [0x00000000d6600000, 0x00000000db000000, 0x0000000100000000)
  eden space 32768K, 0% used [0x00000000d6600000,0x00000000d6600000,0x00000000d8600000)
  from space 5120K, 95% used [0x00000000d8600000,0x00000000d8ac5248,0x00000000d8b00000)
  to   space 5120K, 0% used [0x00000000dab00000,0x00000000dab00000,0x00000000db000000)
 ParOldGen       total 86016K, used 41842K [0x0000000083200000, 0x0000000088600000, 0x00000000d6600000)
  object space 86016K, 48% used [0x0000000083200000,0x0000000085adc8f0,0x0000000088600000)
 Metaspace       used 19248K, capacity 20384K, committed 20608K, reserved 1067008K
  class space    used 2873K, capacity 3106K, committed 3200K, reserved 1048576K
}
Event: 6.722 GC heap before
{Heap before GC invocations=4 (full 0):
 PSYoungGen      total 37888K, used 14656K [0x00000000d6600000, 0x00000000db000000, 0x0000000100000000)
  eden space 32768K, 29% used [0x00000000d6600000,0x00000000d6f8afc0,0x00000000d8600000)
  from space 5120K, 95% used [0x00000000d8600000,0x00000000d8ac5248,0x00000000d8b00000)
  to   space 5120K, 0% used [0x00000000dab00000,0x00000000dab00000,0x00000000db000000)
 ParOldGen       total 86016K, used 41842K [0x0000000083200000, 0x0000000088600000, 0x00000000d6600000)
  object space 86016K, 48% used [0x0000000083200000,0x0000000085adc8f0,0x0000000088600000)
 Metaspace       used 19904K, capacity 21152K, committed 21248K, reserved 1067008K
  class space    used 2999K, capacity 3250K, committed 3328K, reserved 1048576K
Event: 6.731 GC heap after
Heap after GC invocations=4 (full 0):
 PSYoungGen      total 70656K, used 5093K [0x00000000d6600000, 0x00000000db000000, 0x0000000100000000)
  eden space 65536K, 0% used [0x00000000d6600000,0x00000000d6600000,0x00000000da600000)
  from space 5120K, 99% used [0x00000000dab00000,0x00000000daff9688,0x00000000db000000)
  to   space 5120K, 0% used [0x00000000da600000,0x00000000da600000,0x00000000dab00000)
 ParOldGen       total 86016K, used 46866K [0x0000000083200000, 0x0000000088600000, 0x00000000d6600000)
  object space 86016K, 54% used [0x0000000083200000,0x0000000085fc4920,0x0000000088600000)
 Metaspace       used 19904K, capacity 21152K, committed 21248K, reserved 1067008K
  class space    used 2999K, capacity 3250K, committed 3328K, reserved 1048576K
}
Event: 6.731 GC heap before
{Heap before GC invocations=5 (full 1):
 PSYoungGen      total 70656K, used 5093K [0x00000000d6600000, 0x00000000db000000, 0x0000000100000000)
  eden space 65536K, 0% used [0x00000000d6600000,0x00000000d6600000,0x00000000da600000)
  from space 5120K, 99% used [0x00000000dab00000,0x00000000daff9688,0x00000000db000000)
  to   space 5120K, 0% used [0x00000000da600000,0x00000000da600000,0x00000000dab00000)
 ParOldGen       total 86016K, used 46866K [0x0000000083200000, 0x0000000088600000, 0x00000000d6600000)
  object space 86016K, 54% used [0x0000000083200000,0x0000000085fc4920,0x0000000088600000)
 Metaspace       used 19904K, capacity 21152K, committed 21248K, reserved 1067008K
  class space    used 2999K, capacity 3250K, committed 3328K, reserved 1048576K
Event: 6.763 GC heap after
Heap after GC invocations=5 (full 1):
 PSYoungGen      total 70656K, used 0K [0x00000000d6600000, 0x00000000db000000, 0x0000000100000000)
  eden space 65536K, 0% used [0x00000000d6600000,0x00000000d6600000,0x00000000da600000)
  from space 5120K, 0% used [0x00000000dab00000,0x00000000dab00000,0x00000000db000000)
  to   space 5120K, 0% used [0x00000000da600000,0x00000000da600000,0x00000000dab00000)
 ParOldGen       total 116736K, used 49345K [0x0000000083200000, 0x000000008a400000, 0x00000000d6600000)
  object space 116736K, 42% used [0x0000000083200000,0x00000000862305f8,0x000000008a400000)
 Metaspace       used 19904K, capacity 21152K, committed 21248K, reserved 1067008K
  class space    used 2999K, capacity 3250K, committed 3328K, reserved 1048576K
}

